<?xml version="1.0" encoding="UTF-8"?>
<!-- Generated by org.testng.reporters.JUnitXMLReporter -->
<testsuite ignored="0" hostname="AT-NB-THILINIW2" failures="0" tests="4" name="Command line test" time="0.077" errors="0" timestamp="08 Nov 2022 14:37:46 GMT">
  <testcase classname="com.actitime.qa.testcases.HomePageTest" name="@BeforeMethod seup" time="0.045">
    <failure type="java.lang.IllegalStateException" message="The driver executable does not exist: D:\Masters\4th semester\New folder\4201\Assignment 2\chromedriver">
      <![CDATA[java.lang.IllegalStateException: The driver executable does not exist: D:\Masters\4th semester\New folder\4201\Assignment 2\chromedriver
at com.google.common.base.Preconditions.checkState(Preconditions.java:585)
at org.openqa.selenium.remote.service.DriverService.checkExecutable(DriverService.java:146)
at org.openqa.selenium.remote.service.DriverService.findExecutable(DriverService.java:141)
at org.openqa.selenium.chrome.ChromeDriverService.access$000(ChromeDriverService.java:35)
at org.openqa.selenium.chrome.ChromeDriverService$Builder.findDefaultExecutable(ChromeDriverService.java:159)
at org.openqa.selenium.remote.service.DriverService$Builder.build(DriverService.java:355)
at org.openqa.selenium.chrome.ChromeDriverService.createDefaultService(ChromeDriverService.java:94)
at org.openqa.selenium.chrome.ChromeDriver.<init>(ChromeDriver.java:123)
at com.actitime.qa.base.TestBase.initialization(TestBase.java:45)
at com.actitime.qa.testcases.HomePageTest.seup(HomePageTest.java:24)
... Removed 38 stack frames]]>
    </failure>
  </testcase> <!-- @BeforeMethod seup -->
  <testcase classname="com.actitime.qa.testcases.HomePageTest" name="@AfterMethod tearDown" time="0.0">
    <skipped/>
  </testcase> <!-- @AfterMethod tearDown -->
  <testcase classname="com.actitime.qa.testcases.LogonPageTest" name="@BeforeMethod seup" time="0.002">
    <failure type="java.lang.IllegalStateException" message="The driver executable does not exist: D:\Masters\4th semester\New folder\4201\Assignment 2\chromedriver">
      <![CDATA[java.lang.IllegalStateException: The driver executable does not exist: D:\Masters\4th semester\New folder\4201\Assignment 2\chromedriver
at com.google.common.base.Preconditions.checkState(Preconditions.java:585)
at org.openqa.selenium.remote.service.DriverService.checkExecutable(DriverService.java:146)
at org.openqa.selenium.remote.service.DriverService.findExecutable(DriverService.java:141)
at org.openqa.selenium.chrome.ChromeDriverService.access$000(ChromeDriverService.java:35)
at org.openqa.selenium.chrome.ChromeDriverService$Builder.findDefaultExecutable(ChromeDriverService.java:159)
at org.openqa.selenium.remote.service.DriverService$Builder.build(DriverService.java:355)
at org.openqa.selenium.chrome.ChromeDriverService.createDefaultService(ChromeDriverService.java:94)
at org.openqa.selenium.chrome.ChromeDriver.<init>(ChromeDriver.java:123)
at com.actitime.qa.base.TestBase.initialization(TestBase.java:45)
at com.actitime.qa.testcases.LogonPageTest.seup(LogonPageTest.java:30)
... Removed 38 stack frames]]>
    </failure>
  </testcase> <!-- @BeforeMethod seup -->
  <testcase classname="com.actitime.qa.testcases.LogonPageTest" name="@AfterMethod tearDown" time="0.0">
    <skipped/>
  </testcase> <!-- @AfterMethod tearDown -->
  <testcase classname="com.actitime.qa.testcases.HomePageTest" name="@BeforeMethod seup" time="0.0">
    <skipped/>
  </testcase> <!-- @BeforeMethod seup -->
  <testcase classname="com.actitime.qa.testcases.HomePageTest" name="@AfterMethod tearDown" time="0.0">
    <skipped/>
  </testcase> <!-- @AfterMethod tearDown -->
  <testcase classname="com.actitime.qa.testcases.HomePageTest" name="homePageLogoTest" time="0.0">
    <skipped/>
  </testcase> <!-- homePageLogoTest -->
  <testcase classname="com.actitime.qa.testcases.LogonPageTest" name="loginPageLogoTest" time="0.0">
    <skipped/>
  </testcase> <!-- loginPageLogoTest -->
  <testcase classname="com.actitime.qa.testcases.HomePageTest" name="homePageTaskLinkTest" time="0.0">
    <skipped/>
  </testcase> <!-- homePageTaskLinkTest -->
  <testcase classname="com.actitime.qa.testcases.LogonPageTest" name="LoginTest" time="0.0">
    <skipped/>
  </testcase> <!-- LoginTest -->
</testsuite> <!-- Command line test -->
